{
  "RSpec": {
    "coverage": {
      "/home/akingcodes/tic-tac-toe-rb-online-web-sp-000/lib/tic_tac_toe.rb": [
        null,
        null,
        1,
        null,
        null,
        null,
        null,
        null,
        null,
        null,
        null,
        null,
        1,
        5,
        5,
        5,
        5,
        5,
        null,
        null,
        null,
        1,
        13,
        null,
        null,
        1,
        3,
        null,
        null,
        1,
        15,
        3,
        null,
        null,
        1,
        13,
        null,
        null,
        1,
        10,
        10,
        10,
        10,
        9,
        0,
        null,
        1,
        null,
        null,
        null,
        1,
        2,
        2,
        18,
        null,
        2,
        null,
        null,
        1,
        1,
        null,
        null,
        null,
        1,
        37,
        205,
        null,
        null,
        null,
        1,
        79,
        null,
        null,
        1,
        11,
        6,
        null,
        null,
        1,
        11,
        4,
        null,
        null,
        1,
        6,
        null,
        null,
        1,
        12,
        5,
        3,
        null,
        2,
        null,
        null,
        null
      ]
    },
    "timestamp": 1560475464
  }
}
